Построение начато 20.12.2016 1:44:46.
     1>Проект "E:\GIT\LineDetector\build\vs2010\LineDetector.vcxproj" в узле 2 (целевые объекты build).
     1>InitializeBuildStatus:
         Обращение к "line_detector\Win32\Release\line_detector.unsuccessfulbuild".
       ClCompile:
         Для всех выходных данных обновления не требуется.
         E:\Program Files\Microsoft Visual Studio 10.0\VC\bin\CL.exe /c /IE:\GIT\LineDetector\build\vs2010\\..\..\lib\opencv_3\include /Zi /nologo /W3 /WX- /O2 /Oi /Oy- /GL /D WIN32 /D NDEBUG /D _CONSOLE /D _UNICODE /D UNICODE /Gm- /EHsc /MD /GS /Gy /fp:precise /Zc:wchar_t /Zc:forScope /Yu"StdAfx.h" /Fp"line_detector\Win32\Release\line_detector.pch" /Fo"line_detector\Win32\Release\\" /Fd"line_detector\Win32\Release\vc100.pdb" /Gd /TP /analyze- /errorReport:prompt ..\..\source\line_detector\line_detector.cpp ..\..\source\line_detector\main.cpp
         line_detector.cpp
     1>..\..\source\line_detector\line_detector.cpp(939): error C3861: adjustLinearity: идентификатор не найден
     1>..\..\source\line_detector\line_detector.cpp(939): error C3861: segmentLinearity: идентификатор не найден
     1>..\..\source\line_detector\line_detector.cpp(951): error C2660: cv::fitLine: функция не принимает 2 аргументов
     1>..\..\source\line_detector\line_detector.cpp(956): error C3861: isInCorridor: идентификатор не найден
     1>..\..\source\line_detector\line_detector.cpp(960): error C2660: cv::fitLine: функция не принимает 2 аргументов
     1>..\..\source\line_detector\line_detector.cpp(978): warning C4018: <=: несоответствие типов со знаком и без знака
         main.cpp
     1>Построение проекта "E:\GIT\LineDetector\build\vs2010\LineDetector.vcxproj" завершено (целевые объекты build) с ошибкой.

СБОЙ построения.

Затраченное время: 00:00:02.46
